2026-03-01 16:34:53 [INFO ] [WS] WebSocket server ready on /ws
2026-03-01 16:34:53 [INFO ] [Health] Stream health monitor started
2026-03-01 16:34:53 [INFO ] ╔══════════════════════════════════════════════╗
2026-03-01 16:34:53 [INFO ] ║  SIL IRL Hosting Platform v4.0  ONLINE       ║
2026-03-01 16:34:53 [INFO ] ║  Port: 3000   Env: development           ║
2026-03-01 16:34:53 [INFO ] ╚══════════════════════════════════════════════╝
2026-03-01 17:59:08 [INFO ] [WS] WebSocket server ready on /ws
2026-03-01 17:59:08 [INFO ] [Health] Stream health monitor started
2026-03-01 17:59:09 [INFO ] [DB] Connected to PostgreSQL {"server_time":"2026-03-01T12:29:10.040Z","version":"PostgreSQL 17.6","pool_max":10}
2026-03-01 17:59:09 [INFO ] ╔══════════════════════════════════════════════╗
2026-03-01 17:59:09 [INFO ] ║  SIL IRL Hosting Platform v4.1  ONLINE       ║
2026-03-01 17:59:09 [INFO ] ║  Port: 3000   Env: production            ║
2026-03-01 17:59:09 [INFO ] ╚══════════════════════════════════════════════╝
2026-03-01 18:52:20 [INFO ] [WS] WebSocket server ready on /ws
2026-03-01 18:52:20 [INFO ] [Health] Stream health monitor started
2026-03-01 18:52:20 [INFO ] ╔══════════════════════════════════════════════╗
2026-03-01 18:52:20 [INFO ] ║  SIL IRL Hosting Platform v4.1  ONLINE       ║
2026-03-01 18:52:20 [INFO ] ║  Port: 3000   Env: development           ║
2026-03-01 18:52:20 [INFO ] ╚══════════════════════════════════════════════╝
2026-03-01 18:52:20 [INFO ]   → Open http://localhost:3000 in your browser
2026-03-01 18:52:21 [INFO ] [DB] Connected to PostgreSQL {"server_time":"2026-03-01T13:22:21.592Z","version":"PostgreSQL 17.6","pool_max":10}
2026-03-01 19:11:48 [ERROR] [DB] Query error duplicate key value violates unique constraint "users_username_key" {"code":"23505","query":"INSERT INTO users (username, email, password_hash, stream_key, srt_passphrase, is_active) VALUES ($1, $2, $3, $4,"}
2026-03-01 19:30:40 [INFO ] [WS] WebSocket server ready on /ws
2026-03-01 19:30:40 [INFO ] [Health] Stream health monitor started
2026-03-01 19:30:40 [INFO ] ╔══════════════════════════════════════════════╗
2026-03-01 19:30:40 [INFO ] ║  SIL IRL Hosting Platform v4.1  ONLINE       ║
2026-03-01 19:30:40 [INFO ] ║  Port: 3000   Env: development           ║
2026-03-01 19:30:40 [INFO ] ╚══════════════════════════════════════════════╝
2026-03-01 19:30:40 [INFO ]   → Open http://localhost:3000 in your browser
2026-03-01 19:30:41 [INFO ] [DB] Connected to PostgreSQL {"server_time":"2026-03-01T14:00:41.581Z","version":"PostgreSQL 17.6","pool_max":10}
2026-03-01 20:07:25 [INFO ] [WS] WebSocket server ready on /ws
2026-03-01 20:07:25 [INFO ] [Health] Stream health monitor started
2026-03-01 20:07:25 [INFO ] ╔══════════════════════════════════════════════╗
2026-03-01 20:07:25 [INFO ] ║  SIL IRL Hosting Platform v4.1  ONLINE       ║
2026-03-01 20:07:25 [INFO ] ║  Port: 3000   Env: development           ║
2026-03-01 20:07:25 [INFO ] ╚══════════════════════════════════════════════╝
2026-03-01 20:07:25 [INFO ]   → Open http://localhost:3000 in your browser
2026-03-01 20:07:27 [INFO ] [DB] Connected to PostgreSQL {"server_time":"2026-03-01T14:37:27.089Z","version":"PostgreSQL 17.6","pool_max":10}
